
ASEM-51 V1.3                                         Copyright (c) 2002 by W.W. Heinz                                         PAGE 1





       MCS-51 Family Macro Assembler   A S E M - 5 1   V 1.3
       =====================================================



	Source File:	Button_counter.ASM
	Object File:	Button_counter.hex
	List File:	Button_counter.lst



 Line  I  Addr  Code            Source

    1:		N      0000	org 0000h
    2:	  0000	02 01 0A		jmp inicio
    3:		N      0100		org 0100h
    4:	  0100	C0 F9 A4 B0	tabla7seg: db 0c0h, 0f9h, 0a4h, 0b0h, 99h, 92h, 82h, 0f8h, 80h, 90h
	  0104	99 92 82 F8
	  0108	80 90
    5:
    6:	  010A	85 C0 80	inicio: mov P0, 0c0h
    7:	  010D	85 C0 A0		mov P2, 0c0h
    8:	  0110	7A 00			mov R2, #0
    9:	  0112	20 B0 FD	ciclo:	jb P3.0, $
   10:	  0115	0A			inc R2
   11:	  0116	BA 33 02		cjne R2,#51,next
   12:	  0119	7A 00			mov R2, #0
   13:	  011B	EA		next:	mov A, R2
   14:	  011C	12 01 21		call visual
   15:	  011F	80 F1			jmp ciclo
   16:
   17:	  0121	75 F0 0A	visual: mov B, #10
   18:	  0124	84			div AB
   19:	  0125	90 01 00		mov DPTR, #tabla7seg
   20:	  0128	93			movc A,@A+DPTR
   21:	  0129	F5 80			mov P0, A
   22:	  012B	E5 F0			mov A,B
   23:	  012D	93			movc A,@A+DPTR
   24:	  012E	F5 A0			mov P2,A
   25:	  0130	22			ret
   26:				end





                     register banks used:  ---

                     no errors




ASEM-51 V1.3                                         Copyright (c) 2002 by W.W. Heinz                                         PAGE 2





	       L I S T   O F   S Y M B O L S
	       =============================


SYMBOL				  TYPE     VALUE	LINE
------------------------------------------------------------
??ASEM_51			  NUMBER    8051
??VERSION			  NUMBER    0130
AC				  BIT	      D6
ACC				  DATA	      E0
B				  DATA	      F0
CICLO				  CODE	    0112	   9
CY				  BIT	      D7
DPH				  DATA	      83
DPL				  DATA	      82
EA				  BIT	      AF
ES				  BIT	      AC
ET0				  BIT	      A9
ET1				  BIT	      AB
EX0				  BIT	      A8
EX1				  BIT	      AA
EXTI0				  CODE	    0003
EXTI1				  CODE	    0013
F0				  BIT	      D5
IE				  DATA	      A8
IE0				  BIT	      89
IE1				  BIT	      8B
INICIO				  CODE	    010A	   6
INT0				  BIT	      B2
INT1				  BIT	      B3
IP				  DATA	      B8
IT0				  BIT	      88
IT1				  BIT	      8A
NEXT				  CODE	    011B	  13
OV				  BIT	      D2
P				  BIT	      D0
P0				  DATA	      80
P1				  DATA	      90
P2				  DATA	      A0
P3				  DATA	      B0
PCON				  DATA	      87
PS				  BIT	      BC
PSW				  DATA	      D0
PT0				  BIT	      B9
PT1				  BIT	      BB
PX0				  BIT	      B8
PX1				  BIT	      BA
RB8				  BIT	      9A
RD				  BIT	      B7
REN				  BIT	      9C
RESET				  CODE	    0000
RI				  BIT	      98
RS0				  BIT	      D3
RS1				  BIT	      D4
RXD				  BIT	      B0
SBUF				  DATA	      99

ASEM-51 V1.3                                         Copyright (c) 2002 by W.W. Heinz                                         PAGE 3



SYMBOL				  TYPE     VALUE	LINE
------------------------------------------------------------
SCON				  DATA	      98
SINT				  CODE	    0023
SM0				  BIT	      9F
SM1				  BIT	      9E
SM2				  BIT	      9D
SP				  DATA	      81
T0				  BIT	      B4
T1				  BIT	      B5
TABLA7SEG			  CODE	    0100	   4
TB8				  BIT	      9B
TCON				  DATA	      88
TF0				  BIT	      8D
TF1				  BIT	      8F
TH0				  DATA	      8C
TH1				  DATA	      8D
TI				  BIT	      99
TIMER0				  CODE	    000B
TIMER1				  CODE	    001B
TL0				  DATA	      8A
TL1				  DATA	      8B
TMOD				  DATA	      89
TR0				  BIT	      8C
TR1				  BIT	      8E
TXD				  BIT	      B1
VISUAL				  CODE	    0121	  17
WR				  BIT	      B6
