
ASEM-51 V1.3                                         Copyright (c) 2002 by W.W. Heinz                                         PAGE 1





       MCS-51 Family Macro Assembler   A S E M - 5 1   V 1.3
       =====================================================



	Source File:	Ej1.ASM
	Object File:	Ej1.hex
	List File:	Ej1.lst



 Line  I  Addr  Code            Source

    1:		N      0001	barrido		EQU	0000001b								;cod
				igo de barrdio
    2:		N      0030	unidades	EQU 30h										;RAM
				 de Display Unidades
    3:		N      0031	decenas		EQU 31h										;RAM
				 de Display Decenas
    4:
    5:
    6:
    7:
    8:
    9:
   10:		N      0000		org 0000h
   11:	  0000	02 00 0D		jmp config
   12:	  0003	C0 F9 A4 B0	t7seg:	db 0c0h, 0f9h, 0a4h, 0b0h, 099h, 092h, 082h, 0f8h, 080h, 090h   ; anodo comun
	  0007	99 92 82 F8
	  000B	80 90
   13:
   14:
   15:
   16:	  000D	90 00 03	config: mov DPTR,#t7seg
   17:	  0010	78 35			mov R0,#35h 					;puntero a donde voy a almacenar los datos
   18:	  0012	79 30			mov R1,#unidades				;puntero a RAM de display
   19:	  0014	85 C0 30		mov unidades,0c0h
   20:	  0017	85 C0 31		mov decenas,0c0h
   21:	  001A	7C 01			mov R4,#barrido
   22:
   23:	  001C	12 00 32	ciclo:	call delay
   24:	  001F	E7			mov A,@R1
   25:	  0020	79 31			mov R1,#decenas
   26:	  0022	F5 A0			mov P2,A
   27:	  0024	8C B0			mov P3,R4
   28:	  0026	EC			mov A,R4
   29:	  0027	23			RL A
   30:	  0028	FC			mov R4,A
   31:	  0029	BC 04 04		cjne R4,#0000100b,next
   32:	  002C	79 30			mov R1,#unidades
   33:	  002E	7C 01			mov R4,#barrido
   34:
   35:	  0030	80 EA		next:	jmp ciclo
   36:
   37:
   38:

ASEM-51 V1.3                                         Copyright (c) 2002 by W.W. Heinz                                         PAGE 2



 Line  I  Addr  Code            Source

   39:	  0032	AD FA		delay:	mov R5, 250
   40:	  0034	AB 14		loop:	mov R3, 20
   41:	  0036	DB FE			djnz R3,$
   42:	  0038	DD FA			djnz R5,loop
   43:	  003A	22			ret
   44:
   45:
   46:				END





                     register banks used:  ---

                     no errors




ASEM-51 V1.3                                         Copyright (c) 2002 by W.W. Heinz                                         PAGE 3





	       L I S T   O F   S Y M B O L S
	       =============================


SYMBOL				  TYPE     VALUE	LINE
------------------------------------------------------------
??ASEM_51			  NUMBER    8051
??VERSION			  NUMBER    0130
AC				  BIT	      D6
ACC				  DATA	      E0
B				  DATA	      F0
BARRIDO				  NUMBER    0001	   1
CICLO				  CODE	    001C	  23
CONFIG				  CODE	    000D	  16
CY				  BIT	      D7
DECENAS				  NUMBER    0031	   3
DELAY				  CODE	    0032	  39
DPH				  DATA	      83
DPL				  DATA	      82
EA				  BIT	      AF
ES				  BIT	      AC
ET0				  BIT	      A9
ET1				  BIT	      AB
EX0				  BIT	      A8
EX1				  BIT	      AA
EXTI0				  CODE	    0003
EXTI1				  CODE	    0013
F0				  BIT	      D5
IE				  DATA	      A8
IE0				  BIT	      89
IE1				  BIT	      8B
INT0				  BIT	      B2
INT1				  BIT	      B3
IP				  DATA	      B8
IT0				  BIT	      88
IT1				  BIT	      8A
LOOP				  CODE	    0034	  40
NEXT				  CODE	    0030	  35
OV				  BIT	      D2
P				  BIT	      D0
P0				  DATA	      80
P1				  DATA	      90
P2				  DATA	      A0
P3				  DATA	      B0
PCON				  DATA	      87
PS				  BIT	      BC
PSW				  DATA	      D0
PT0				  BIT	      B9
PT1				  BIT	      BB
PX0				  BIT	      B8
PX1				  BIT	      BA
RB8				  BIT	      9A
RD				  BIT	      B7
REN				  BIT	      9C
RESET				  CODE	    0000
RI				  BIT	      98

ASEM-51 V1.3                                         Copyright (c) 2002 by W.W. Heinz                                         PAGE 4



SYMBOL				  TYPE     VALUE	LINE
------------------------------------------------------------
RS0				  BIT	      D3
RS1				  BIT	      D4
RXD				  BIT	      B0
SBUF				  DATA	      99
SCON				  DATA	      98
SINT				  CODE	    0023
SM0				  BIT	      9F
SM1				  BIT	      9E
SM2				  BIT	      9D
SP				  DATA	      81
T0				  BIT	      B4
T1				  BIT	      B5
T7SEG				  CODE	    0003	  12
TB8				  BIT	      9B
TCON				  DATA	      88
TF0				  BIT	      8D
TF1				  BIT	      8F
TH0				  DATA	      8C
TH1				  DATA	      8D
TI				  BIT	      99
TIMER0				  CODE	    000B
TIMER1				  CODE	    001B
TL0				  DATA	      8A
TL1				  DATA	      8B
TMOD				  DATA	      89
TR0				  BIT	      8C
TR1				  BIT	      8E
TXD				  BIT	      B1
UNIDADES			  NUMBER    0030	   2
WR				  BIT	      B6
